<?xml version="1.0" encoding="UTF-8"?>
<testsuite name="softwareproject.argumentTests" tests="4" skipped="0" failures="0" errors="0" timestamp="2015-10-01T02:32:31" hostname="ColdPanPC" time="0.037">
  <properties/>
  <testcase name="enoughArguments" classname="softwareproject.argumentTests" time="0.017"/>
  <testcase name="TooFewArgs" classname="softwareproject.argumentTests" time="0.019"/>
  <testcase name="returnMapValue" classname="softwareproject.argumentTests" time="0.001"/>
  <testcase name="TooManyArgs" classname="softwareproject.argumentTests" time="0.0"/>
  <system-out><![CDATA[]]></system-out>
  <system-err><![CDATA[]]></system-err>
</testsuite>
