<?xml version="1.0" encoding="UTF-8"?>
<testsuite name="softwareproject.ReturnCorrectNumberOfArgumentsTest" tests="1" skipped="0" failures="0" errors="0" timestamp="2015-10-01T19:14:21" hostname="Shay" time="0.052">
  <properties/>
  <testcase name="hreturnscorrectUsageInformationTest" classname="softwareproject.ReturnCorrectNumberOfArgumentsTest" time="0.052"/>
  <system-out><![CDATA[]]></system-out>
  <system-err><![CDATA[]]></system-err>
</testsuite>
