<?xml version="1.0" encoding="UTF-8"?>
<testsuite name="softwareproject.argumentTests" tests="4" skipped="0" failures="0" errors="0" timestamp="2015-09-30T19:59:30" hostname="Bobbie-PC" time="0.018">
  <properties/>
  <testcase name="enoughArguments" classname="softwareproject.argumentTests" time="0.008"/>
  <testcase name="TooFewArgs" classname="softwareproject.argumentTests" time="0.002"/>
  <testcase name="returnMapValue" classname="softwareproject.argumentTests" time="0.001"/>
  <testcase name="TooManyArgs" classname="softwareproject.argumentTests" time="0.002"/>
  <system-out><![CDATA[]]></system-out>
  <system-err><![CDATA[]]></system-err>
</testsuite>
