<?xml version="1.0" encoding="UTF-8"?>
<testsuite name="softwareproject.argumentTests" tests="5" skipped="0" failures="0" errors="0" timestamp="2015-10-02T02:35:16" hostname="Bobbie-PC" time="0.031">
  <properties/>
  <testcase name="enoughArguments" classname="softwareproject.argumentTests" time="0.015"/>
  <testcase name="TooFewArgs" classname="softwareproject.argumentTests" time="0.016"/>
  <testcase name="returnMapValue" classname="softwareproject.argumentTests" time="0.0"/>
  <testcase name="TooManyArgs" classname="softwareproject.argumentTests" time="0.0"/>
  <testcase name="helpMessageWorking" classname="softwareproject.argumentTests" time="0.0"/>
  <system-out><![CDATA[
usage: java VolumeCalculator length width height 
Calculate the volume of a box. 
positional arguments: 
	length the length of the box
	width the width of the box
	height the height of the box
]]></system-out>
  <system-err><![CDATA[]]></system-err>
</testsuite>
