<?xml version="1.0" encoding="UTF-8"?>
<testsuite name="softwareproject.ReturnMapValueTest" tests="1" skipped="0" failures="0" errors="0" timestamp="2015-10-01T05:43:34" hostname="Shay" time="0.003">
  <properties/>
  <testcase name="returnMapValueTest" classname="softwareproject.ReturnMapValueTest" time="0.003"/>
  <system-out><![CDATA[]]></system-out>
  <system-err><![CDATA[]]></system-err>
</testsuite>
