<?xml version="1.0" encoding="UTF-8"?>
<<<<<<< HEAD
<testsuite name="softwareproject.argumentTests" tests="5" skipped="0" failures="0" errors="0" timestamp="2015-10-01T07:15:50" hostname="Bobbie-PC" time="0.016">
  <properties/>
  <testcase name="enoughArguments" classname="softwareproject.argumentTests" time="0.0"/>
  <testcase name="TooFewArgs" classname="softwareproject.argumentTests" time="0.0"/>
  <testcase name="returnMapValue" classname="softwareproject.argumentTests" time="0.0"/>
  <testcase name="TooManyArgs" classname="softwareproject.argumentTests" time="0.0"/>
  <testcase name="helpMessage" classname="softwareproject.argumentTests" time="0.0"/>
  <system-out><![CDATA[usage: java VolumeCalculator length width height 
Calculate the volume of a box 
positional arguments: 
	length the length of the box 
	width the width of the box 
	height the height of the box
]]></system-out>
=======
<testsuite name="softwareproject.argumentTests" tests="3" skipped="0" failures="0" errors="0" timestamp="2015-10-01T05:43:34" hostname="Shay" time="0.032">
  <properties/>
  <testcase name="enoughArguments" classname="softwareproject.argumentTests" time="0.021"/>
  <testcase name="TooFewArgs" classname="softwareproject.argumentTests" time="0.001"/>
  <testcase name="TooManyArgs" classname="softwareproject.argumentTests" time="0.001"/>
  <system-out><![CDATA[]]></system-out>
>>>>>>> origin/master
  <system-err><![CDATA[]]></system-err>
</testsuite>
