<?xml version="1.0" encoding="UTF-8"?>
<testsuite name="softwareproject.argumentTests" tests="3" skipped="0" failures="0" errors="0" timestamp="2015-09-30T16:56:36" hostname="Bobbie-PC" time="0.0">
  <properties/>
  <testcase name="enoughArguments" classname="softwareproject.argumentTests" time="0.0"/>
  <testcase name="TooFewArgs" classname="softwareproject.argumentTests" time="0.0"/>
  <testcase name="TooManyArgs" classname="softwareproject.argumentTests" time="0.0"/>
  <system-out><![CDATA[]]></system-out>
  <system-err><![CDATA[]]></system-err>
</testsuite>
