<?xml version="1.0" encoding="UTF-8"?>
<testsuite name="softwareproject.ReturnCorrectNumberOfArgumentsTest" tests="1" skipped="0" failures="0" errors="0" timestamp="2015-10-01T05:43:34" hostname="Shay" time="0.006">
  <properties/>
  <testcase name="hreturnscorrectUsageInformationTest" classname="softwareproject.ReturnCorrectNumberOfArgumentsTest" time="0.006"/>
  <system-out><![CDATA[usage: java VolumeCalculator length width height 
 Calculate the volume of a box. 
 positional arguments: 
 length the length of the box 
 width the width of the box 
 height the height of the box
]]></system-out>
  <system-err><![CDATA[]]></system-err>
</testsuite>
